[debug] [2026-02-12T08:24:26.986Z] ----------------------------------------------------------------------
[debug] [2026-02-12T08:24:26.989Z] Command:       C:\Program Files\nodejs\node.exe C:\Users\Hp\AppData\Roaming\npm\node_modules\firebase-tools\lib\bin\firebase.js deploy
[debug] [2026-02-12T08:24:26.989Z] CLI Version:   15.3.1
[debug] [2026-02-12T08:24:26.989Z] Platform:      win32
[debug] [2026-02-12T08:24:26.989Z] Node Version:  v24.13.0
[debug] [2026-02-12T08:24:26.989Z] Time:          Thu Feb 12 2026 13:54:26 GMT+0530 (India Standard Time)
[debug] [2026-02-12T08:24:26.989Z] ----------------------------------------------------------------------
[debug] 
[debug] [2026-02-12T08:24:33.215Z] Error: Timed out.
    at Timeout._onTimeout (C:\Users\Hp\AppData\Roaming\npm\node_modules\firebase-tools\lib\utils.js:308:49)
    at listOnTimeout (node:internal/timers:605:17)
    at process.processTimers (node:internal/timers:541:7)
[error] 
[error] Error: An unexpected error has occurred.
[debug] [2026-02-12T08:25:00.799Z] ----------------------------------------------------------------------
[debug] [2026-02-12T08:25:00.801Z] Command:       C:\Program Files\nodejs\node.exe C:\Users\Hp\AppData\Roaming\npm\node_modules\firebase-tools\lib\bin\firebase.js init
[debug] [2026-02-12T08:25:00.801Z] CLI Version:   15.3.1
[debug] [2026-02-12T08:25:00.801Z] Platform:      win32
[debug] [2026-02-12T08:25:00.801Z] Node Version:  v24.13.0
[debug] [2026-02-12T08:25:00.801Z] Time:          Thu Feb 12 2026 13:55:00 GMT+0530 (India Standard Time)
[debug] [2026-02-12T08:25:00.801Z] ----------------------------------------------------------------------
[debug] 
[info] 
     ######## #### ########  ######## ########     ###     ######  ########
     ##        ##  ##     ## ##       ##     ##  ##   ##  ##       ##
     ######    ##  ########  ######   ########  #########  ######  ######
     ##        ##  ##    ##  ##       ##     ## ##     ##       ## ##
     ##       #### ##     ## ######## ########  ##     ##  ######  ########

You're about to initialize a Firebase project in this directory:

  C:\Users\Hp\Documents\anmol\painting website

[debug] [2026-02-12T08:25:19.255Z] Error: Timed out.
    at Timeout._onTimeout (C:\Users\Hp\AppData\Roaming\npm\node_modules\firebase-tools\lib\utils.js:308:49)
    at listOnTimeout (node:internal/timers:605:17)
    at process.processTimers (node:internal/timers:541:7)
[error] 
[error] Error: An unexpected error has occurred.
